<?xml version="1.0" encoding="UTF-8"?>
<!-- Generated by org.testng.reporters.JUnitReportReporter -->
<testsuite hostname="LAPTOP-5QSHQ3S1" failures="0" tests="1" name="com.herokuapp.theinternet.PositiveTests" time="15.133" errors="0" timestamp="16 Aug 2020 00:47:36 GMT" skipped="0">
  <testcase classname="com.herokuapp.theinternet.PositiveTests" name="loginTest" time="15.133"/>
</testsuite> <!-- com.herokuapp.theinternet.PositiveTests -->
