<?xml version="1.0" encoding="UTF-8"?>
<!-- Generated by org.testng.reporters.JUnitReportReporter -->
<testsuite hostname="LAPTOP-5QSHQ3S1" failures="0" tests="3" name="com.herokuapp.theinternet.LoginTests" time="40.002" errors="0" timestamp="16 Aug 2020 19:03:32 GMT" skipped="0">
  <testcase classname="com.herokuapp.theinternet.LoginTests" name="positiveLoginTest" time="13.191"/>
  <testcase classname="com.herokuapp.theinternet.LoginTests" name="negativeLoginTest" time="13.411"/>
  <testcase classname="com.herokuapp.theinternet.LoginTests" name="negativeLoginTest" time="13.400"/>
</testsuite> <!-- com.herokuapp.theinternet.LoginTests -->
