<?xml version="1.0" encoding="UTF-8"?>
<!-- Generated by org.testng.reporters.JUnitReportReporter -->
<testsuite hostname="LAPTOP-5QSHQ3S1" failures="0" tests="2" name="com.herokuapp.theinternet.NegativeTests" time="15.899" errors="0" timestamp="16 Aug 2020 00:47:36 GMT" skipped="0">
  <testcase classname="com.herokuapp.theinternet.NegativeTests" name="incorrectUsernameTests" time="7.907"/>
  <testcase classname="com.herokuapp.theinternet.NegativeTests" name="incorrectPasswordTests" time="7.992"/>
</testsuite> <!-- com.herokuapp.theinternet.NegativeTests -->
